

Started GET "/assets/rails.png" for 127.0.0.1 at 2013-01-09 14:48:08 +0100
Connecting to database specified by database.yml
Served asset /rails.png - 200 OK (24ms)


Started GET "/assets/rails.png" for 127.0.0.1 at 2013-01-09 14:51:46 +0100
Served asset /rails.png - 304 Not Modified (0ms)


Started GET "/" for 127.0.0.1 at 2013-01-16 22:38:35 +0100

ActionController::RoutingError (No route matches [GET] "/"):
  actionpack (3.2.11) lib/action_dispatch/middleware/debug_exceptions.rb:21:in `call'
  actionpack (3.2.11) lib/action_dispatch/middleware/show_exceptions.rb:56:in `call'
  railties (3.2.11) lib/rails/rack/logger.rb:32:in `call_app'
  railties (3.2.11) lib/rails/rack/logger.rb:16:in `block in call'
  activesupport (3.2.11) lib/active_support/tagged_logging.rb:22:in `tagged'
  railties (3.2.11) lib/rails/rack/logger.rb:16:in `call'
  actionpack (3.2.11) lib/action_dispatch/middleware/request_id.rb:22:in `call'
  rack (1.4.4) lib/rack/methodoverride.rb:21:in `call'
  rack (1.4.4) lib/rack/runtime.rb:17:in `call'
  activesupport (3.2.11) lib/active_support/cache/strategy/local_cache.rb:72:in `call'
  rack (1.4.4) lib/rack/lock.rb:15:in `call'
  actionpack (3.2.11) lib/action_dispatch/middleware/static.rb:62:in `call'
  railties (3.2.11) lib/rails/engine.rb:479:in `call'
  railties (3.2.11) lib/rails/application.rb:223:in `call'
  rack (1.4.4) lib/rack/content_length.rb:14:in `call'
  railties (3.2.11) lib/rails/rack/log_tailer.rb:17:in `call'
  rack (1.4.4) lib/rack/handler/webrick.rb:59:in `service'
  /Users/dimitrireifschneider/.rbenv/versions/1.9.3-p0/lib/ruby/1.9.1/webrick/httpserver.rb:138:in `service'
  /Users/dimitrireifschneider/.rbenv/versions/1.9.3-p0/lib/ruby/1.9.1/webrick/httpserver.rb:94:in `run'
  /Users/dimitrireifschneider/.rbenv/versions/1.9.3-p0/lib/ruby/1.9.1/webrick/server.rb:191:in `block in start_thread'


  Rendered /Users/dimitrireifschneider/.rbenv/versions/1.9.3-p0/lib/ruby/gems/1.9.1/gems/actionpack-3.2.11/lib/action_dispatch/middleware/templates/rescues/routing_error.erb within rescues/layout (3.5ms)


Started GET "/tests" for 127.0.0.1 at 2013-01-16 22:40:58 +0100
Processing by TestsController#index as HTML
  MOPED: 127.0.0.1:27017 COMMAND      database=admin command={:ismaster=>1} (0.7372ms)
  MOPED: 127.0.0.1:27017 QUERY        database=peppermind_development collection=tests selector={} flags=[:slave_ok] limit=0 skip=0 batch_size=nil fields=nil (0.3200ms)
  Rendered tests/index.html.erb within layouts/application (2.6ms)
Compiled scaffolds.css  (33ms)  (pid 15463)
Compiled tests.css  (1ms)  (pid 15463)
Compiled application.css  (70ms)  (pid 15463)
Compiled jquery.js  (37ms)  (pid 15463)
Compiled jquery_ujs.js  (2ms)  (pid 15463)
Compiled tests.js  (564ms)  (pid 15463)
Compiled application.js  (725ms)  (pid 15463)
Completed 200 OK in 889ms (Views: 888.3ms)


Started GET "/assets/tests.css?body=1" for 127.0.0.1 at 2013-01-16 22:40:59 +0100
Served asset /tests.css - 200 OK (3ms)


Started GET "/assets/scaffolds.css?body=1" for 127.0.0.1 at 2013-01-16 22:40:59 +0100
Served asset /scaffolds.css - 200 OK (2ms)


Started GET "/assets/tests.js?body=1" for 127.0.0.1 at 2013-01-16 22:40:59 +0100
Served asset /tests.js - 200 OK (2ms)


Started GET "/assets/application.css?body=1" for 127.0.0.1 at 2013-01-16 22:40:59 +0100
Served asset /application.css - 200 OK (5ms)


Started GET "/assets/jquery.js?body=1" for 127.0.0.1 at 2013-01-16 22:40:59 +0100
Served asset /jquery.js - 200 OK (39ms)


Started GET "/assets/jquery_ujs.js?body=1" for 127.0.0.1 at 2013-01-16 22:40:59 +0100
Served asset /jquery_ujs.js - 200 OK (5ms)


Started GET "/assets/application.js?body=1" for 127.0.0.1 at 2013-01-16 22:40:59 +0100
Served asset /application.js - 200 OK (67ms)


Started GET "/tests/new" for 127.0.0.1 at 2013-01-16 22:41:00 +0100
Processing by TestsController#new as HTML
  Rendered tests/_form.html.erb (51.1ms)
  Rendered tests/new.html.erb within layouts/application (107.0ms)
Completed 200 OK in 112ms (Views: 111.4ms)


Started POST "/tests" for 127.0.0.1 at 2013-01-16 22:41:01 +0100
Processing by TestsController#create as HTML
  Parameters: {"utf8"=>"✓", "authenticity_token"=>"vcBCqOcCJmr62JiezTtrZmvj2SOXPzF2WuQ8hTKKzAE=", "commit"=>"Create Test"}
  MOPED: 127.0.0.1:27017 COMMAND      database=admin command={:ismaster=>1} (0.6988ms)
  MOPED: 127.0.0.1:27017 INSERT       database=peppermind_development collection=tests documents=[{"_id"=>"50f71e6d33a8229479000001"}] flags=[] (0.1130ms)
Redirected to http://localhost:3000/tests/50f71e6d33a8229479000001
Completed 302 Found in 4ms


Started GET "/tests/50f71e6d33a8229479000001" for 127.0.0.1 at 2013-01-16 22:41:02 +0100
Processing by TestsController#show as HTML
  Parameters: {"id"=>"50f71e6d33a8229479000001"}
  MOPED: 127.0.0.1:27017 QUERY        database=peppermind_development collection=tests selector={"_id"=>"50f71e6d33a8229479000001"} flags=[:slave_ok] limit=0 skip=0 batch_size=nil fields=nil (966.6712ms)
  Rendered tests/show.html.erb within layouts/application (0.9ms)
Completed 200 OK in 973ms (Views: 5.2ms)


Started GET "/tests/50f71e6d33a8229479000001/edit" for 127.0.0.1 at 2013-01-16 22:41:14 +0100
Processing by TestsController#edit as HTML
  Parameters: {"id"=>"50f71e6d33a8229479000001"}
  MOPED: 127.0.0.1:27017 QUERY        database=peppermind_development collection=tests selector={"_id"=>"50f71e6d33a8229479000001"} flags=[:slave_ok] limit=0 skip=0 batch_size=nil fields=nil (0.3209ms)
  Rendered tests/_form.html.erb (1.2ms)
  Rendered tests/edit.html.erb within layouts/application (2.8ms)
Completed 200 OK in 8ms (Views: 6.6ms)


Started GET "/assets/tests.css?body=1" for 127.0.0.1 at 2013-01-16 22:41:14 +0100
Served asset /tests.css - 304 Not Modified (0ms)


Started GET "/assets/tests.js?body=1" for 127.0.0.1 at 2013-01-16 22:41:14 +0100
Served asset /tests.js - 304 Not Modified (0ms)


Started GET "/tests" for 127.0.0.1 at 2013-01-16 22:41:16 +0100
Processing by TestsController#index as HTML
  MOPED: 127.0.0.1:27017 QUERY        database=peppermind_development collection=tests selector={} flags=[:slave_ok] limit=0 skip=0 batch_size=nil fields=nil (0.3343ms)
  Rendered tests/index.html.erb within layouts/application (1.5ms)
Completed 200 OK in 5ms (Views: 5.0ms)


Started GET "/assets/tests.js?body=1" for 127.0.0.1 at 2013-01-16 22:41:16 +0100
Served asset /tests.js - 304 Not Modified (0ms)


Started GET "/assets/tests.css?body=1" for 127.0.0.1 at 2013-01-16 22:41:16 +0100
Served asset /tests.css - 304 Not Modified (0ms)
